7 7 
- 
5 
4 
- 
1 
* 
x 
6 
4 
- 
^ 
* 
+ 
1 5 1 
1 4 9 
- 
1 
* 
x 
* 
+ 
7 8 
+ 
7 6 
7 3 
- 
1 
* 
x 
* 
1 
+ 
2 
x 
* 
- 
/ 
77 0 0

-77 0 0

5 0 1

4 0 2

1 0 1

1 0 2

1 0 1

1 1 2

6 0 3

4 0 4

2 0 3

1 2 2

1 2 1

1 2 0
-77 0 0

151 0 1

149 0 2

2 0 1

1 0 2

2 0 1

1 0 2

2 0 1

1 2 0
-75 0 0

75239 0 1

1 2 0
75164 0 0

76 0 1

73 0 2

3 0 1

-11751 0 2

-35253 0 1

1 1 2

-35253 1 1

-381 0 2

-35253 1 1
-381 0 1

2 0 2

1 0 3

2 0 2

-35253 1 1
-383 0 1

-0 1 0

-0.00 1
 1 
x 
* 
1 0 0

1 1 1

1 1 0

1.00 1
tong :  + 1.00x^1
hieu :  -1.00x^1
tich :  -0.00x^2
thuong :  -0.00x^0
du : 